<?xml version="1.0" encoding="utf-8"?><testsuites name="pytest tests"><testsuite name="pytest" errors="0" failures="0" skipped="1" tests="20" time="96.805" timestamp="2026-05-09T16:07:09.890303+00:00" hostname="agent-env-04176869-7a4e-4a28-926d-f9cfcd6ce0bb"><testcase classname="backend.tests.backend_test.TestAuth" name="test_login_admin_success" time="0.405" /><testcase classname="backend.tests.backend_test.TestAuth" name="test_login_monitor_success" time="0.393" /><testcase classname="backend.tests.backend_test.TestAuth" name="test_login_bad_credentials" time="0.445" /><testcase classname="backend.tests.backend_test.TestAuth" name="test_me_with_cookie" time="0.403" /><testcase classname="backend.tests.backend_test.TestAuth" name="test_me_unauthenticated" time="0.144" /><testcase classname="backend.tests.backend_test.TestAuth" name="test_logout_clears_cookies" time="0.541" /><testcase classname="backend.tests.backend_test.TestDrivers" name="test_list_drivers" time="0.395" /><testcase classname="backend.tests.backend_test.TestDrivers" name="test_get_driver_detail" time="0.061" /><testcase classname="backend.tests.backend_test.TestDrivers" name="test_get_driver_404" time="0.047" /><testcase classname="backend.tests.backend_test.TestDrivers" name="test_driver_history" time="0.045" /><testcase classname="backend.tests.backend_test.TestDrivers" name="test_driver_events" time="0.047" /><testcase classname="backend.tests.backend_test.TestDrivers" name="test_drivers_unauthenticated" time="0.118" /><testcase classname="backend.tests.backend_test.TestAlerts" name="test_list_alerts" time="0.051" /><testcase classname="backend.tests.backend_test.TestAlerts" name="test_acknowledge_invalid_id" time="0.052" /><testcase classname="backend.tests.backend_test.TestAlerts" name="test_false_alarm_invalid_id" time="0.047" /><testcase classname="backend.tests.backend_test.TestAlerts" name="test_alert_lifecycle_via_simulator" time="91.604"><skipped type="pytest.skip" message="No impact alert raised within 90s window (probabilistic)">/app/backend/tests/backend_test.py:164: No impact alert raised within 90s window (probabilistic)</skipped></testcase><testcase classname="backend.tests.backend_test.TestAdmin" name="test_admin_users_with_admin_token" time="0.048" /><testcase classname="backend.tests.backend_test.TestAdmin" name="test_admin_users_with_monitor_forbidden" time="0.501" /><testcase classname="backend.tests.backend_test.TestWebSocket" name="test_ws_no_token_closes" time="0.183" /><testcase classname="backend.tests.backend_test.TestWebSocket" name="test_ws_with_token_snapshot_and_telemetry" time="0.962" /></testsuite></testsuites>